[INFO  - 2020-09-06T09:08:00.332Z] GhostDriver - Main - running on port 2167
[INFO  - 2020-09-06T09:08:00.634Z] Session [76857960-f020-11ea-8aee-5960bf9203fe] - page.settings - {"XSSAuditingEnabled":false,"javascriptCanCloseWindows":true,"javascriptCanOpenWindows":true,"javascriptEnabled":true,"loadImages":true,"localToRemoteUrlAccessEnabled":false,"userAgent":"Mozilla/5.0 (Macintosh; Intel Mac OS X) AppleWebKit/538.1 (KHTML, like Gecko) PhantomJS/2.1.1 Safari/538.1","webSecurityEnabled":true}
[INFO  - 2020-09-06T09:08:00.634Z] Session [76857960-f020-11ea-8aee-5960bf9203fe] - page.customHeaders:  - {}
[INFO  - 2020-09-06T09:08:00.634Z] Session [76857960-f020-11ea-8aee-5960bf9203fe] - Session.negotiatedCapabilities - {"browserName":"phantomjs","version":"2.1.1","driverName":"ghostdriver","driverVersion":"1.2.0","platform":"mac-unknown-64bit","javascriptEnabled":true,"takesScreenshot":true,"handlesAlerts":false,"databaseEnabled":false,"locationContextEnabled":false,"applicationCacheEnabled":false,"browserConnectionEnabled":false,"cssSelectorsEnabled":true,"webStorageEnabled":false,"rotatable":false,"acceptSslCerts":false,"nativeEvents":true,"proxy":{"proxyType":"direct"}}
[INFO  - 2020-09-06T09:08:00.634Z] SessionManagerReqHand - _postNewSessionCommand - New Session Created: 76857960-f020-11ea-8aee-5960bf9203fe
[INFO  - 2020-09-06T09:08:03.927Z] ShutdownReqHand - _handle - About to shutdown
[INFO  - 2020-09-06T09:10:32.010Z] GhostDriver - Main - running on port 8927
[INFO  - 2020-09-06T09:10:32.331Z] Session [d0f0c080-f020-11ea-ba1d-69e9c4e9142d] - page.settings - {"XSSAuditingEnabled":false,"javascriptCanCloseWindows":true,"javascriptCanOpenWindows":true,"javascriptEnabled":true,"loadImages":true,"localToRemoteUrlAccessEnabled":false,"userAgent":"Mozilla/5.0 (Macintosh; Intel Mac OS X) AppleWebKit/538.1 (KHTML, like Gecko) PhantomJS/2.1.1 Safari/538.1","webSecurityEnabled":true}
[INFO  - 2020-09-06T09:10:32.332Z] Session [d0f0c080-f020-11ea-ba1d-69e9c4e9142d] - page.customHeaders:  - {}
[INFO  - 2020-09-06T09:10:32.332Z] Session [d0f0c080-f020-11ea-ba1d-69e9c4e9142d] - Session.negotiatedCapabilities - {"browserName":"phantomjs","version":"2.1.1","driverName":"ghostdriver","driverVersion":"1.2.0","platform":"mac-unknown-64bit","javascriptEnabled":true,"takesScreenshot":true,"handlesAlerts":false,"databaseEnabled":false,"locationContextEnabled":false,"applicationCacheEnabled":false,"browserConnectionEnabled":false,"cssSelectorsEnabled":true,"webStorageEnabled":false,"rotatable":false,"acceptSslCerts":false,"nativeEvents":true,"proxy":{"proxyType":"direct"}}
[INFO  - 2020-09-06T09:10:32.332Z] SessionManagerReqHand - _postNewSessionCommand - New Session Created: d0f0c080-f020-11ea-ba1d-69e9c4e9142d
[INFO  - 2020-09-06T09:10:35.699Z] ShutdownReqHand - _handle - About to shutdown
[INFO  - 2020-09-06T09:11:07.810Z] GhostDriver - Main - running on port 10692
[INFO  - 2020-09-06T09:11:08.125Z] Session [e6465490-f020-11ea-a9fa-9934848c3d9d] - page.settings - {"XSSAuditingEnabled":false,"javascriptCanCloseWindows":true,"javascriptCanOpenWindows":true,"javascriptEnabled":true,"loadImages":true,"localToRemoteUrlAccessEnabled":false,"userAgent":"Mozilla/5.0 (Macintosh; Intel Mac OS X) AppleWebKit/538.1 (KHTML, like Gecko) PhantomJS/2.1.1 Safari/538.1","webSecurityEnabled":true}
[INFO  - 2020-09-06T09:11:08.125Z] Session [e6465490-f020-11ea-a9fa-9934848c3d9d] - page.customHeaders:  - {}
[INFO  - 2020-09-06T09:11:08.125Z] Session [e6465490-f020-11ea-a9fa-9934848c3d9d] - Session.negotiatedCapabilities - {"browserName":"phantomjs","version":"2.1.1","driverName":"ghostdriver","driverVersion":"1.2.0","platform":"mac-unknown-64bit","javascriptEnabled":true,"takesScreenshot":true,"handlesAlerts":false,"databaseEnabled":false,"locationContextEnabled":false,"applicationCacheEnabled":false,"browserConnectionEnabled":false,"cssSelectorsEnabled":true,"webStorageEnabled":false,"rotatable":false,"acceptSslCerts":false,"nativeEvents":true,"proxy":{"proxyType":"direct"}}
[INFO  - 2020-09-06T09:11:08.126Z] SessionManagerReqHand - _postNewSessionCommand - New Session Created: e6465490-f020-11ea-a9fa-9934848c3d9d
[INFO  - 2020-09-06T09:11:11.777Z] ShutdownReqHand - _handle - About to shutdown
[INFO  - 2020-09-06T15:58:11.628Z] GhostDriver - Main - running on port 26980
[INFO  - 2020-09-06T15:58:11.834Z] Session [c3f06a50-f059-11ea-b1df-9baa67b777ba] - page.settings - {"XSSAuditingEnabled":false,"javascriptCanCloseWindows":true,"javascriptCanOpenWindows":true,"javascriptEnabled":true,"loadImages":true,"localToRemoteUrlAccessEnabled":false,"userAgent":"Mozilla/5.0 (Macintosh; Intel Mac OS X) AppleWebKit/538.1 (KHTML, like Gecko) PhantomJS/2.1.1 Safari/538.1","webSecurityEnabled":true}
[INFO  - 2020-09-06T15:58:11.834Z] Session [c3f06a50-f059-11ea-b1df-9baa67b777ba] - page.customHeaders:  - {}
[INFO  - 2020-09-06T15:58:11.834Z] Session [c3f06a50-f059-11ea-b1df-9baa67b777ba] - Session.negotiatedCapabilities - {"browserName":"phantomjs","version":"2.1.1","driverName":"ghostdriver","driverVersion":"1.2.0","platform":"mac-unknown-64bit","javascriptEnabled":true,"takesScreenshot":true,"handlesAlerts":false,"databaseEnabled":false,"locationContextEnabled":false,"applicationCacheEnabled":false,"browserConnectionEnabled":false,"cssSelectorsEnabled":true,"webStorageEnabled":false,"rotatable":false,"acceptSslCerts":false,"nativeEvents":true,"proxy":{"proxyType":"direct"}}
[INFO  - 2020-09-06T15:58:11.834Z] SessionManagerReqHand - _postNewSessionCommand - New Session Created: c3f06a50-f059-11ea-b1df-9baa67b777ba
[INFO  - 2020-09-06T15:58:15.765Z] ShutdownReqHand - _handle - About to shutdown
[INFO  - 2020-09-06T16:00:00.129Z] GhostDriver - Main - running on port 44237
[INFO  - 2020-09-06T16:00:00.520Z] Session [04b86e20-f05a-11ea-ab72-cda64db6ac99] - page.settings - {"XSSAuditingEnabled":false,"javascriptCanCloseWindows":true,"javascriptCanOpenWindows":true,"javascriptEnabled":true,"loadImages":true,"localToRemoteUrlAccessEnabled":false,"userAgent":"Mozilla/5.0 (Macintosh; Intel Mac OS X) AppleWebKit/538.1 (KHTML, like Gecko) PhantomJS/2.1.1 Safari/538.1","webSecurityEnabled":true}
[INFO  - 2020-09-06T16:00:00.520Z] Session [04b86e20-f05a-11ea-ab72-cda64db6ac99] - page.customHeaders:  - {}
[INFO  - 2020-09-06T16:00:00.744Z] Session [04b86e20-f05a-11ea-ab72-cda64db6ac99] - Session.negotiatedCapabilities - {"browserName":"phantomjs","version":"2.1.1","driverName":"ghostdriver","driverVersion":"1.2.0","platform":"mac-unknown-64bit","javascriptEnabled":true,"takesScreenshot":true,"handlesAlerts":false,"databaseEnabled":false,"locationContextEnabled":false,"applicationCacheEnabled":false,"browserConnectionEnabled":false,"cssSelectorsEnabled":true,"webStorageEnabled":false,"rotatable":false,"acceptSslCerts":false,"nativeEvents":true,"proxy":{"proxyType":"direct"}}
[INFO  - 2020-09-06T16:00:00.832Z] SessionManagerReqHand - _postNewSessionCommand - New Session Created: 04b86e20-f05a-11ea-ab72-cda64db6ac99
[INFO  - 2020-09-06T16:00:03.955Z] ShutdownReqHand - _handle - About to shutdown
[INFO  - 2020-09-06T16:00:39.394Z] GhostDriver - Main - running on port 9746
[INFO  - 2020-09-06T16:00:39.743Z] Session [1c19d7c0-f05a-11ea-8189-6f1a77df9345] - page.settings - {"XSSAuditingEnabled":false,"javascriptCanCloseWindows":true,"javascriptCanOpenWindows":true,"javascriptEnabled":true,"loadImages":true,"localToRemoteUrlAccessEnabled":false,"userAgent":"Mozilla/5.0 (Macintosh; Intel Mac OS X) AppleWebKit/538.1 (KHTML, like Gecko) PhantomJS/2.1.1 Safari/538.1","webSecurityEnabled":true}
[INFO  - 2020-09-06T16:00:39.743Z] Session [1c19d7c0-f05a-11ea-8189-6f1a77df9345] - page.customHeaders:  - {}
[INFO  - 2020-09-06T16:00:39.743Z] Session [1c19d7c0-f05a-11ea-8189-6f1a77df9345] - Session.negotiatedCapabilities - {"browserName":"phantomjs","version":"2.1.1","driverName":"ghostdriver","driverVersion":"1.2.0","platform":"mac-unknown-64bit","javascriptEnabled":true,"takesScreenshot":true,"handlesAlerts":false,"databaseEnabled":false,"locationContextEnabled":false,"applicationCacheEnabled":false,"browserConnectionEnabled":false,"cssSelectorsEnabled":true,"webStorageEnabled":false,"rotatable":false,"acceptSslCerts":false,"nativeEvents":true,"proxy":{"proxyType":"direct"}}
[INFO  - 2020-09-06T16:00:39.744Z] SessionManagerReqHand - _postNewSessionCommand - New Session Created: 1c19d7c0-f05a-11ea-8189-6f1a77df9345
[INFO  - 2020-09-06T16:00:43.255Z] ShutdownReqHand - _handle - About to shutdown
